<?xml version="1.0" encoding="UTF-8"?>
<testng-results ignored="0" total="7" passed="7" failed="0" skipped="0">
  <reporter-output>
  </reporter-output>
  <suite started-at="2025-09-29T15:01:13 IST" name="SMIT Portal Automation Test Suite" finished-at="2025-09-29T15:01:58 IST" duration-ms="45700">
    <groups>
    </groups>
    <test started-at="2025-09-29T15:01:13 IST" name="Portal Authentication Tests" finished-at="2025-09-29T15:01:22 IST" duration-ms="9346">
      <class name="tests.PortalAuthenticationTest">
        <test-method is-config="true" signature="setUp()[pri:0, instance:tests.PortalAuthenticationTest@479d31f3]" started-at="2025-09-29T15:01:13 IST" name="setUp" finished-at="2025-09-29T15:01:15 IST" duration-ms="2671" status="PASS">
          <reporter-output>
          </reporter-output>
        </test-method> <!-- setUp -->
        <test-method signature="loginPortal()[pri:0, instance:tests.PortalAuthenticationTest@479d31f3]" started-at="2025-09-29T15:01:15 IST" name="loginPortal" description="TC_SMIT_01 - Login to SMIT Portal" finished-at="2025-09-29T15:01:22 IST" duration-ms="6619" status="PASS">
          <reporter-output>
          </reporter-output>
        </test-method> <!-- loginPortal -->
        <test-method is-config="true" signature="tearDown()[pri:0, instance:tests.PortalAuthenticationTest@479d31f3]" started-at="2025-09-29T15:01:22 IST" name="tearDown" finished-at="2025-09-29T15:01:22 IST" duration-ms="1" status="PASS">
          <reporter-output>
          </reporter-output>
        </test-method> <!-- tearDown -->
      </class> <!-- tests.PortalAuthenticationTest -->
    </test> <!-- Portal Authentication Tests -->
    <test started-at="2025-09-29T15:01:22 IST" name="Patient Search Tests" finished-at="2025-09-29T15:01:51 IST" duration-ms="29129">
      <class name="tests.PatientSearchTest">
        <test-method is-config="true" signature="setUp()[pri:0, instance:tests.PatientSearchTest@12468a38]" started-at="2025-09-29T15:01:22 IST" name="setUp" finished-at="2025-09-29T15:01:22 IST" duration-ms="1" status="PASS">
          <reporter-output>
          </reporter-output>
        </test-method> <!-- setUp -->
        <test-method signature="verifyPatientSearch()[pri:0, instance:tests.PatientSearchTest@12468a38]" started-at="2025-09-29T15:01:22 IST" name="verifyPatientSearch" description="TC_SMIT_02 - Search for Patient by First Name" finished-at="2025-09-29T15:01:31 IST" duration-ms="9085" status="PASS">
          <reporter-output>
          </reporter-output>
        </test-method> <!-- verifyPatientSearch -->
        <test-method signature="verifyPatientSearchByFirstName()[pri:0, instance:tests.PatientSearchTest@12468a38]" started-at="2025-09-29T15:01:31 IST" name="verifyPatientSearchByFirstName" description="TC_SMIT_02 - Search for Patient by First Name" finished-at="2025-09-29T15:01:38 IST" duration-ms="6713" status="PASS">
          <reporter-output>
          </reporter-output>
        </test-method> <!-- verifyPatientSearchByFirstName -->
        <test-method signature="verifyPatientSearchByFullName()[pri:0, instance:tests.PatientSearchTest@12468a38]" started-at="2025-09-29T15:01:38 IST" name="verifyPatientSearchByFullName" description="TC_SMIT_04 - Search for Patient by Full Name" finished-at="2025-09-29T15:01:44 IST" duration-ms="6602" status="PASS">
          <reporter-output>
          </reporter-output>
        </test-method> <!-- verifyPatientSearchByFullName -->
        <test-method signature="verifyPatientSearchByLastName()[pri:0, instance:tests.PatientSearchTest@12468a38]" started-at="2025-09-29T15:01:44 IST" name="verifyPatientSearchByLastName" description="TC_SMIT_03 - Search for Patient by Last Name" finished-at="2025-09-29T15:01:51 IST" duration-ms="6717" status="PASS">
          <reporter-output>
          </reporter-output>
        </test-method> <!-- verifyPatientSearchByLastName -->
        <test-method is-config="true" signature="tearDown()[pri:0, instance:tests.PatientSearchTest@12468a38]" started-at="2025-09-29T15:01:51 IST" name="tearDown" finished-at="2025-09-29T15:01:51 IST" duration-ms="1" status="PASS">
          <reporter-output>
          </reporter-output>
        </test-method> <!-- tearDown -->
      </class> <!-- tests.PatientSearchTest -->
    </test> <!-- Patient Search Tests -->
    <test started-at="2025-09-29T15:01:51 IST" name="Portal Navigation Tests" finished-at="2025-09-29T15:01:58 IST" duration-ms="7171">
      <class name="tests.PortalNavigationTest">
        <test-method signature="verifyDashboardNavigation()[pri:0, instance:tests.PortalNavigationTest@37afeb11]" started-at="2025-09-29T15:01:51 IST" name="verifyDashboardNavigation" description="TC_SMIT_06 - Navigate to Dashboard" finished-at="2025-09-29T15:01:55 IST" duration-ms="4191" status="PASS">
          <reporter-output>
          </reporter-output>
        </test-method> <!-- verifyDashboardNavigation -->
        <test-method is-config="true" signature="setUp()[pri:0, instance:tests.PortalNavigationTest@37afeb11]" started-at="2025-09-29T15:01:51 IST" name="setUp" finished-at="2025-09-29T15:01:51 IST" duration-ms="0" status="PASS">
          <reporter-output>
          </reporter-output>
        </test-method> <!-- setUp -->
        <test-method signature="verifyMessageTab()[pri:0, instance:tests.PortalNavigationTest@37afeb11]" started-at="2025-09-29T15:01:55 IST" name="verifyMessageTab" description="TC_SMIT_05 - Navigate to Messages Tab" finished-at="2025-09-29T15:01:58 IST" duration-ms="2976" status="PASS">
          <reporter-output>
          </reporter-output>
        </test-method> <!-- verifyMessageTab -->
        <test-method is-config="true" signature="tearDown()[pri:0, instance:tests.PortalNavigationTest@37afeb11]" started-at="2025-09-29T15:01:58 IST" name="tearDown" finished-at="2025-09-29T15:01:58 IST" duration-ms="0" status="PASS">
          <reporter-output>
          </reporter-output>
        </test-method> <!-- tearDown -->
      </class> <!-- tests.PortalNavigationTest -->
    </test> <!-- Portal Navigation Tests -->
  </suite> <!-- SMIT Portal Automation Test Suite -->
</testng-results>
