<?xml version="1.0" encoding="UTF-8"?>
<testsuite xmlns:xsi="http://www.w3.org/2001/XMLSchema-instance" xsi:noNamespaceSchemaLocation="https://maven.apache.org/surefire/maven-surefire-plugin/xsd/surefire-test-report-3.0.xsd" version="3.0" name="tests.PortalAuthenticationTest" time="9.261" tests="1" errors="0" skipped="0" failures="0">
  <properties>
[...]
</properties>
  <testcase name="loginPortal" classname="tests.PortalAuthenticationTest" time="5.944">
    <system-err><![CDATA[SLF4J: Failed to load class "org.slf4j.impl.StaticLoggerBinder".
SLF4J: Defaulting to no-operation (NOP) logger implementation
SLF4J: See http://www.slf4j.org/codes.html#StaticLoggerBinder for further details.
Sep 29, 2025 2:18:07 PM org.openqa.selenium.devtools.CdpVersionFinder findNearestMatch
WARNING: Unable to find CDP implementation matching 140
Sep 29, 2025 2:18:07 PM org.openqa.selenium.chromium.ChromiumDriver lambda$new$5
WARNING: Unable to find version of CDP to use for 140.0.7339.208. You may need to include a dependency on a specific version of the CDP using something similar to `org.seleniumhq.selenium:selenium-devtools-v86:4.15.0` where the version ("v86") matches the version of the chromium-based browser you're using and the version number of the artifact is the same as Selenium's.
Sep 29, 2025 2:18:09 PM tests.PortalAuthenticationTest loginPortal
INFO: Entering username and password
Sep 29, 2025 2:18:13 PM tests.PortalAuthenticationTest loginPortal
INFO: Current URL after login: https://azqa21-dsm.testwd.com/SMITPortal/Common/Main.htm#/home/1
Sep 29, 2025 2:18:13 PM tests.PortalAuthenticationTest loginPortal
INFO: Validating successful login
]]></system-err>
  </testcase>
</testsuite>